# JRE version: OpenJDK Runtime Environment Temurin-21.0.10+7 (21.0.10+7) (build 21.0.10+7-LTS)
# Java VM: OpenJDK 64-Bit Server VM Temurin-21.0.10+7 (21.0.10+7-LTS, mixed mode, sharing, tiered, compressed oops, compressed class ptrs, parallel gc, windows-amd64)
GC Precious Log:
 CardTable entry size: 512
 CPUs: 32 total, 32 available
 Memory: 32599M
 Large Page Support: Disabled
 NUMA Support: Disabled
 Compressed Oops: Enabled (32-bit)
 Alignments: Space 512K, Generation 512K, Heap 2M
 Heap Min Capacity: 100M
 Heap Initial Capacity: 100M
 Heap Max Capacity: 2G
 Pre-touch: Disabled
 Parallel Workers: 23
Heap:
 PSYoungGen      total 22528K, used 14844K [0x00000000d5580000, 0x00000000d7480000, 0x0000000100000000)
  eden space 20480K, 62% used [0x00000000d5580000,0x00000000d6202898,0x00000000d6980000)
  from space 2048K, 99% used [0x00000000d6980000,0x00000000d6b7c8e0,0x00000000d6b80000)
  to   space 5632K, 0% used [0x00000000d6f00000,0x00000000d6f00000,0x00000000d7480000)
 ParOldGen       total 68608K, used 29237K [0x0000000080000000, 0x0000000084300000, 0x00000000d5580000)
  object space 68608K, 42% used [0x0000000080000000,0x0000000081c8d748,0x0000000084300000)
 Metaspace       used 51365K, committed 52544K, reserved 1114112K
  class space    used 5648K, committed 6144K, reserved 1048576K
GC Heap History (20 events):
Event: 11.405 GC heap before
{Heap before GC invocations=14 (full 1):
 PSYoungGen      total 23040K, used 23025K [0x00000000d5580000, 0x00000000d7200000, 0x0000000100000000)
  eden space 22016K, 100% used [0x00000000d5580000,0x00000000d6b00000,0x00000000d6b00000)
  from space 1024K, 98% used [0x00000000d6f80000,0x00000000d707c440,0x00000000d7080000)
  to   space 3584K, 0% used [0x00000000d6b00000,0x00000000d6b00000,0x00000000d6e80000)
 ParOldGen       total 68608K, used 19212K [0x0000000080000000, 0x0000000084300000, 0x00000000d5580000)
  object space 68608K, 28% used [0x0000000080000000,0x00000000812c3210,0x0000000084300000)
 Metaspace       used 33213K, committed 34176K, reserved 1114112K
  class space    used 3332K, committed 3712K, reserved 1048576K
}
Event: 11.406 GC heap after
{Heap after GC invocations=14 (full 1):
 PSYoungGen      total 23552K, used 1104K [0x00000000d5580000, 0x00000000d7000000, 0x0000000100000000)
  eden space 22016K, 0% used [0x00000000d5580000,0x00000000d5580000,0x00000000d6b00000)
  from space 1536K, 71% used [0x00000000d6b00000,0x00000000d6c14010,0x00000000d6c80000)
  to   space 2048K, 0% used [0x00000000d6e00000,0x00000000d6e00000,0x00000000d7000000)
 ParOldGen       total 68608K, used 20230K [0x0000000080000000, 0x0000000084300000, 0x00000000d5580000)
  object space 68608K, 29% used [0x0000000080000000,0x00000000813c1be8,0x0000000084300000)
 Metaspace       used 33213K, committed 34176K, reserved 1114112K
  class space    used 3332K, committed 3712K, reserved 1048576K
}
Event: 11.440 GC heap before
{Heap before GC invocations=15 (full 1):
 PSYoungGen      total 23552K, used 17766K [0x00000000d5580000, 0x00000000d7000000, 0x0000000100000000)
  eden space 22016K, 75% used [0x00000000d5580000,0x00000000d65c59f8,0x00000000d6b00000)
  from space 1536K, 71% used [0x00000000d6b00000,0x00000000d6c14010,0x00000000d6c80000)
  to   space 2048K, 0% used [0x00000000d6e00000,0x00000000d6e00000,0x00000000d7000000)
 ParOldGen       total 68608K, used 20230K [0x0000000080000000, 0x0000000084300000, 0x00000000d5580000)
  object space 68608K, 29% used [0x0000000080000000,0x00000000813c1be8,0x0000000084300000)
 Metaspace       used 34781K, committed 35840K, reserved 1114112K
  class space    used 3516K, committed 3968K, reserved 1048576K
}
Event: 11.441 GC heap after
{Heap after GC invocations=15 (full 1):
 PSYoungGen      total 24064K, used 1712K [0x00000000d5580000, 0x00000000d7000000, 0x0000000100000000)
  eden space 22016K, 0% used [0x00000000d5580000,0x00000000d5580000,0x00000000d6b00000)
  from space 2048K, 83% used [0x00000000d6e00000,0x00000000d6fac010,0x00000000d7000000)
  to   space 2048K, 0% used [0x00000000d6c00000,0x00000000d6c00000,0x00000000d6e00000)
 ParOldGen       total 68608K, used 21083K [0x0000000080000000, 0x0000000084300000, 0x00000000d5580000)
  object space 68608K, 30% used [0x0000000080000000,0x0000000081496c18,0x0000000084300000)
 Metaspace       used 34781K, committed 35840K, reserved 1114112K
  class space    used 3516K, committed 3968K, reserved 1048576K
}
Event: 11.441 GC heap before
{Heap before GC invocations=16 (full 2):
 PSYoungGen      total 24064K, used 1712K [0x00000000d5580000, 0x00000000d7000000, 0x0000000100000000)
  eden space 22016K, 0% used [0x00000000d5580000,0x00000000d5580000,0x00000000d6b00000)
  from space 2048K, 83% used [0x00000000d6e00000,0x00000000d6fac010,0x00000000d7000000)
  to   space 2048K, 0% used [0x00000000d6c00000,0x00000000d6c00000,0x00000000d6e00000)
 ParOldGen       total 68608K, used 21083K [0x0000000080000000, 0x0000000084300000, 0x00000000d5580000)
  object space 68608K, 30% used [0x0000000080000000,0x0000000081496c18,0x0000000084300000)
 Metaspace       used 34781K, committed 35840K, reserved 1114112K
  class space    used 3516K, committed 3968K, reserved 1048576K
}
Event: 11.455 GC heap after
{Heap after GC invocations=16 (full 2):
 PSYoungGen      total 24064K, used 0K [0x00000000d5580000, 0x00000000d7000000, 0x0000000100000000)
  eden space 22016K, 0% used [0x00000000d5580000,0x00000000d5580000,0x00000000d6b00000)
  from space 2048K, 0% used [0x00000000d6e00000,0x00000000d6e00000,0x00000000d7000000)
  to   space 2048K, 0% used [0x00000000d6c00000,0x00000000d6c00000,0x00000000d6e00000)
 ParOldGen       total 68608K, used 21713K [0x0000000080000000, 0x0000000084300000, 0x00000000d5580000)
  object space 68608K, 31% used [0x0000000080000000,0x0000000081534608,0x0000000084300000)
 Metaspace       used 34781K, committed 35840K, reserved 1114112K
  class space    used 3516K, committed 3968K, reserved 1048576K
}
Event: 11.514 GC heap before
{Heap before GC invocations=17 (full 2):
 PSYoungGen      total 24064K, used 22016K [0x00000000d5580000, 0x00000000d7000000, 0x0000000100000000)
  eden space 22016K, 100% used [0x00000000d5580000,0x00000000d6b00000,0x00000000d6b00000)
  from space 2048K, 0% used [0x00000000d6e00000,0x00000000d6e00000,0x00000000d7000000)
  to   space 2048K, 0% used [0x00000000d6c00000,0x00000000d6c00000,0x00000000d6e00000)
 ParOldGen       total 68608K, used 21713K [0x0000000080000000, 0x0000000084300000, 0x00000000d5580000)
  object space 68608K, 31% used [0x0000000080000000,0x0000000081534638,0x0000000084300000)
 Metaspace       used 38188K, committed 39296K, reserved 1114112K
  class space    used 3957K, committed 4416K, reserved 1048576K
}
Event: 11.515 GC heap after
{Heap after GC invocations=17 (full 2):
 PSYoungGen      total 23552K, used 1176K [0x00000000d5580000, 0x00000000d6e80000, 0x0000000100000000)
  eden space 22016K, 0% used [0x00000000d5580000,0x00000000d5580000,0x00000000d6b00000)
  from space 1536K, 76% used [0x00000000d6c00000,0x00000000d6d263e0,0x00000000d6d80000)
  to   space 1024K, 0% used [0x00000000d6d80000,0x00000000d6d80000,0x00000000d6e80000)
 ParOldGen       total 68608K, used 21721K [0x0000000080000000, 0x0000000084300000, 0x00000000d5580000)
  object space 68608K, 31% used [0x0000000080000000,0x0000000081536638,0x0000000084300000)
 Metaspace       used 38188K, committed 39296K, reserved 1114112K
  class space    used 3957K, committed 4416K, reserved 1048576K
}
Event: 11.587 GC heap before
{Heap before GC invocations=18 (full 2):
 PSYoungGen      total 23552K, used 23192K [0x00000000d5580000, 0x00000000d6e80000, 0x0000000100000000)
  eden space 22016K, 100% used [0x00000000d5580000,0x00000000d6b00000,0x00000000d6b00000)
  from space 1536K, 76% used [0x00000000d6c00000,0x00000000d6d263e0,0x00000000d6d80000)
  to   space 1024K, 0% used [0x00000000d6d80000,0x00000000d6d80000,0x00000000d6e80000)
 ParOldGen       total 68608K, used 21729K [0x0000000080000000, 0x0000000084300000, 0x00000000d5580000)
  object space 68608K, 31% used [0x0000000080000000,0x0000000081538460,0x0000000084300000)
 Metaspace       used 40420K, committed 41536K, reserved 1114112K
  class space    used 4266K, committed 4736K, reserved 1048576K
}
Event: 11.588 GC heap after
{Heap after GC invocations=18 (full 2):
 PSYoungGen      total 23040K, used 1008K [0x00000000d5580000, 0x00000000d6f00000, 0x0000000100000000)
  eden space 22016K, 0% used [0x00000000d5580000,0x00000000d5580000,0x00000000d6b00000)
  from space 1024K, 98% used [0x00000000d6d80000,0x00000000d6e7c010,0x00000000d6e80000)
  to   space 2048K, 0% used [0x00000000d6b00000,0x00000000d6b00000,0x00000000d6d00000)
 ParOldGen       total 68608K, used 22597K [0x0000000080000000, 0x0000000084300000, 0x00000000d5580000)
  object space 68608K, 32% used [0x0000000080000000,0x0000000081611680,0x0000000084300000)
 Metaspace       used 40420K, committed 41536K, reserved 1114112K
  class space    used 4266K, committed 4736K, reserved 1048576K
}
Event: 11.656 GC heap before
{Heap before GC invocations=19 (full 2):
 PSYoungGen      total 23040K, used 23024K [0x00000000d5580000, 0x00000000d6f00000, 0x0000000100000000)
  eden space 22016K, 100% used [0x00000000d5580000,0x00000000d6b00000,0x00000000d6b00000)
  from space 1024K, 98% used [0x00000000d6d80000,0x00000000d6e7c010,0x00000000d6e80000)
  to   space 2048K, 0% used [0x00000000d6b00000,0x00000000d6b00000,0x00000000d6d00000)
 ParOldGen       total 68608K, used 22597K [0x0000000080000000, 0x0000000084300000, 0x00000000d5580000)
  object space 68608K, 32% used [0x0000000080000000,0x0000000081611680,0x0000000084300000)
 Metaspace       used 41835K, committed 42944K, reserved 1114112K
  class space    used 4449K, committed 4928K, reserved 1048576K
}
Event: 11.657 GC heap after
{Heap after GC invocations=19 (full 2):
 PSYoungGen      total 23040K, used 992K [0x00000000d5580000, 0x00000000d6e00000, 0x0000000100000000)
  eden space 22016K, 0% used [0x00000000d5580000,0x00000000d5580000,0x00000000d6b00000)
  from space 1024K, 96% used [0x00000000d6b00000,0x00000000d6bf8000,0x00000000d6c00000)
  to   space 1536K, 0% used [0x00000000d6c80000,0x00000000d6c80000,0x00000000d6e00000)
 ParOldGen       total 68608K, used 23325K [0x0000000080000000, 0x0000000084300000, 0x00000000d5580000)
  object space 68608K, 33% used [0x0000000080000000,0x00000000816c76a0,0x0000000084300000)
 Metaspace       used 41835K, committed 42944K, reserved 1114112K
  class space    used 4449K, committed 4928K, reserved 1048576K
}
Event: 11.725 GC heap before
{Heap before GC invocations=20 (full 2):
 PSYoungGen      total 23040K, used 23008K [0x00000000d5580000, 0x00000000d6e00000, 0x0000000100000000)
  eden space 22016K, 100% used [0x00000000d5580000,0x00000000d6b00000,0x00000000d6b00000)
  from space 1024K, 96% used [0x00000000d6b00000,0x00000000d6bf8000,0x00000000d6c00000)
  to   space 1536K, 0% used [0x00000000d6c80000,0x00000000d6c80000,0x00000000d6e00000)
 ParOldGen       total 68608K, used 23325K [0x0000000080000000, 0x0000000084300000, 0x00000000d5580000)
  object space 68608K, 33% used [0x0000000080000000,0x00000000816c76a0,0x0000000084300000)
 Metaspace       used 43526K, committed 44736K, reserved 1114112K
  class space    used 4676K, committed 5184K, reserved 1048576K
}
Event: 11.727 GC heap after
{Heap after GC invocations=20 (full 2):
 PSYoungGen      total 22016K, used 1536K [0x00000000d5580000, 0x00000000d7100000, 0x0000000100000000)
  eden space 20480K, 0% used [0x00000000d5580000,0x00000000d5580000,0x00000000d6980000)
  from space 1536K, 100% used [0x00000000d6c80000,0x00000000d6e00000,0x00000000d6e00000)
  to   space 3072K, 0% used [0x00000000d6980000,0x00000000d6980000,0x00000000d6c80000)
 ParOldGen       total 68608K, used 24117K [0x0000000080000000, 0x0000000084300000, 0x00000000d5580000)
  object space 68608K, 35% used [0x0000000080000000,0x000000008178d6a0,0x0000000084300000)
 Metaspace       used 43526K, committed 44736K, reserved 1114112K
  class space    used 4676K, committed 5184K, reserved 1048576K
}
Event: 11.823 GC heap before
{Heap before GC invocations=21 (full 2):
 PSYoungGen      total 22016K, used 22016K [0x00000000d5580000, 0x00000000d7100000, 0x0000000100000000)
  eden space 20480K, 100% used [0x00000000d5580000,0x00000000d6980000,0x00000000d6980000)
  from space 1536K, 100% used [0x00000000d6c80000,0x00000000d6e00000,0x00000000d6e00000)
  to   space 3072K, 0% used [0x00000000d6980000,0x00000000d6980000,0x00000000d6c80000)
 ParOldGen       total 68608K, used 24117K [0x0000000080000000, 0x0000000084300000, 0x00000000d5580000)
  object space 68608K, 35% used [0x0000000080000000,0x000000008178d6a0,0x0000000084300000)
 Metaspace       used 45810K, committed 47040K, reserved 1114112K
  class space    used 4974K, committed 5504K, reserved 1048576K
}
Event: 11.824 GC heap after
{Heap after GC invocations=21 (full 2):
 PSYoungGen      total 22016K, used 1248K [0x00000000d5580000, 0x00000000d6d80000, 0x0000000100000000)
  eden space 20480K, 0% used [0x00000000d5580000,0x00000000d5580000,0x00000000d6980000)
  from space 1536K, 81% used [0x00000000d6980000,0x00000000d6ab8000,0x00000000d6b00000)
  to   space 2048K, 0% used [0x00000000d6b80000,0x00000000d6b80000,0x00000000d6d80000)
 ParOldGen       total 68608K, used 25693K [0x0000000080000000, 0x0000000084300000, 0x00000000d5580000)
  object space 68608K, 37% used [0x0000000080000000,0x0000000081917728,0x0000000084300000)
 Metaspace       used 45810K, committed 47040K, reserved 1114112K
  class space    used 4974K, committed 5504K, reserved 1048576K
}
Event: 11.978 GC heap before
{Heap before GC invocations=22 (full 2):
 PSYoungGen      total 22016K, used 21728K [0x00000000d5580000, 0x00000000d6d80000, 0x0000000100000000)
  eden space 20480K, 100% used [0x00000000d5580000,0x00000000d6980000,0x00000000d6980000)
  from space 1536K, 81% used [0x00000000d6980000,0x00000000d6ab8000,0x00000000d6b00000)
  to   space 2048K, 0% used [0x00000000d6b80000,0x00000000d6b80000,0x00000000d6d80000)
 ParOldGen       total 68608K, used 25693K [0x0000000080000000, 0x0000000084300000, 0x00000000d5580000)
  object space 68608K, 37% used [0x0000000080000000,0x0000000081917728,0x0000000084300000)
 Metaspace       used 48254K, committed 49472K, reserved 1114112K
  class space    used 5301K, committed 5824K, reserved 1048576K
}
Event: 11.979 GC heap after
{Heap after GC invocations=22 (full 2):
 PSYoungGen      total 22528K, used 1568K [0x00000000d5580000, 0x00000000d6d80000, 0x0000000100000000)
  eden space 20480K, 0% used [0x00000000d5580000,0x00000000d5580000,0x00000000d6980000)
  from space 2048K, 76% used [0x00000000d6b80000,0x00000000d6d08000,0x00000000d6d80000)
  to   space 2048K, 0% used [0x00000000d6980000,0x00000000d6980000,0x00000000d6b80000)
 ParOldGen       total 68608K, used 26525K [0x0000000080000000, 0x0000000084300000, 0x00000000d5580000)
  object space 68608K, 38% used [0x0000000080000000,0x00000000819e7728,0x0000000084300000)
 Metaspace       used 48254K, committed 49472K, reserved 1114112K
  class space    used 5301K, committed 5824K, reserved 1048576K
}
Event: 12.143 GC heap before
{Heap before GC invocations=23 (full 2):
 PSYoungGen      total 22528K, used 22048K [0x00000000d5580000, 0x00000000d6d80000, 0x0000000100000000)
  eden space 20480K, 100% used [0x00000000d5580000,0x00000000d6980000,0x00000000d6980000)
  from space 2048K, 76% used [0x00000000d6b80000,0x00000000d6d08000,0x00000000d6d80000)
  to   space 2048K, 0% used [0x00000000d6980000,0x00000000d6980000,0x00000000d6b80000)
 ParOldGen       total 68608K, used 26525K [0x0000000080000000, 0x0000000084300000, 0x00000000d5580000)
  object space 68608K, 38% used [0x0000000080000000,0x00000000819e7728,0x0000000084300000)
 Metaspace       used 50204K, committed 51328K, reserved 1114112K
  class space    used 5526K, committed 6016K, reserved 1048576K
}
Event: 12.145 GC heap after
{Heap after GC invocations=23 (full 2):
 PSYoungGen      total 22528K, used 2034K [0x00000000d5580000, 0x00000000d7480000, 0x0000000100000000)
  eden space 20480K, 0% used [0x00000000d5580000,0x00000000d5580000,0x00000000d6980000)
  from space 2048K, 99% used [0x00000000d6980000,0x00000000d6b7c8e0,0x00000000d6b80000)
  to   space 5632K, 0% used [0x00000000d6f00000,0x00000000d6f00000,0x00000000d7480000)
 ParOldGen       total 68608K, used 29237K [0x0000000080000000, 0x0000000084300000, 0x00000000d5580000)
  object space 68608K, 42% used [0x0000000080000000,0x0000000081c8d748,0x0000000084300000)
 Metaspace       used 50204K, committed 51328K, reserved 1114112K
  class space    used 5526K, committed 6016K, reserved 1048576K
}

